android-app/app/build/intermediates/manifest_merge_blame_file/debug/processDebugMainManifest/manifest-merger-blame-debug-report.txt
1<?xml version="1.0" encoding="utf-8"?>
2<manifest xmlns:android="http://schemas.android.com/apk/res/android"
3    package="com.pfe.gestionetudiantmobile"
4    android:versionCode="1"
5    android:versionName="1.0" >
6
7    <uses-sdk
8        android:minSdkVersion="24"
9        android:targetSdkVersion="35" />
10
11    <uses-permission android:name="android.permission.INTERNET" />
11-->src\main\AndroidManifest.xml:4:5-67
11-->src\main\AndroidManifest.xml:4:22-64
12
13    <permission
13-->[androidx.core:core:1.13.1] AndroidManifest.xml:22:5-24:47
14        android:name="com.pfe.gestionetudiantmobile.DYNAMIC_RECEIVER_NOT_EXPORTED_PERMISSION"
14-->[androidx.core:core:1.13.1] AndroidManifest.xml:23:9-81
15        android:protectionLevel="signature" />
15-->[androidx.core:core:1.13.1] AndroidManifest.xml:24:9-44
16
17    <uses-permission android:name="com.pfe.gestionetudiantmobile.DYNAMIC_RECEIVER_NOT_EXPORTED_PERMISSION" />
17-->[androidx.core:core:1.13.1] AndroidManifest.xml:26:5-97
17-->[androidx.core:core:1.13.1] AndroidManifest.xml:26:22-94
18
19    <application
19-->src\main\AndroidManifest.xml:6:5-61:19
20        android:allowBackup="true"
20-->src\main\AndroidManifest.xml:7:9-35
21        android:appComponentFactory="androidx.core.app.CoreComponentFactory"
21-->[androidx.core:core:1.13.1] AndroidManifest.xml:28:18-86
22        android:debuggable="true"
23        android:extractNativeLibs="false"
24        android:icon="@mipmap/ic_launcher"
24-->src\main\AndroidManifest.xml:8:9-43
25        android:label="@string/app_name"
25-->src\main\AndroidManifest.xml:9:9-41
26        android:networkSecurityConfig="@xml/network_security_config"
26-->src\main\AndroidManifest.xml:10:9-69
27        android:roundIcon="@mipmap/ic_launcher_round"
27-->src\main\AndroidManifest.xml:11:9-54
28        android:supportsRtl="true"
28-->src\main\AndroidManifest.xml:12:9-35
29        android:theme="@style/Theme.StudentManagementMobile"
29-->src\main\AndroidManifest.xml:13:9-61
30        android:usesCleartextTraffic="true" >
30-->src\main\AndroidManifest.xml:14:9-44
31        <activity
31-->src\main\AndroidManifest.xml:16:9-18:40
32            android:name="com.pfe.gestionetudiantmobile.ui.student.StudentFeatureListActivity"
32-->src\main\AndroidManifest.xml:17:13-66
33            android:exported="false" />
33-->src\main\AndroidManifest.xml:18:13-37
34        <activity
34-->src\main\AndroidManifest.xml:19:9-21:40
35            android:name="com.pfe.gestionetudiantmobile.ui.teacher.TeacherFeatureListActivity"
35-->src\main\AndroidManifest.xml:20:13-66
36            android:exported="false" />
36-->src\main\AndroidManifest.xml:21:13-37
37        <activity
37-->src\main\AndroidManifest.xml:22:9-24:40
38            android:name="com.pfe.gestionetudiantmobile.ui.teacher.TeacherAssignmentSubmissionsActivity"
38-->src\main\AndroidManifest.xml:23:13-76
39            android:exported="false" />
39-->src\main\AndroidManifest.xml:24:13-37
40        <activity
40-->src\main\AndroidManifest.xml:25:9-27:40
41            android:name="com.pfe.gestionetudiantmobile.ui.teacher.TeacherCreateCourseActivity"
41-->src\main\AndroidManifest.xml:26:13-67
42            android:exported="false" />
42-->src\main\AndroidManifest.xml:27:13-37
43        <activity
43-->src\main\AndroidManifest.xml:28:9-30:40
44            android:name="com.pfe.gestionetudiantmobile.ui.teacher.TeacherCreateAnnouncementActivity"
44-->src\main\AndroidManifest.xml:29:13-73
45            android:exported="false" />
45-->src\main\AndroidManifest.xml:30:13-37
46        <activity
46-->src\main\AndroidManifest.xml:31:9-33:40
47            android:name="com.pfe.gestionetudiantmobile.ui.teacher.TeacherCreateAssignmentActivity"
47-->src\main\AndroidManifest.xml:32:13-71
48            android:exported="false" />
48-->src\main\AndroidManifest.xml:33:13-37
49        <activity
49-->src\main\AndroidManifest.xml:34:9-36:40
50            android:name="com.pfe.gestionetudiantmobile.ui.home.StudentHomeActivity"
50-->src\main\AndroidManifest.xml:35:13-56
51            android:exported="false" />
51-->src\main\AndroidManifest.xml:36:13-37
52        <activity
52-->src\main\AndroidManifest.xml:37:9-39:40
53            android:name="com.pfe.gestionetudiantmobile.ui.home.AdminFeatureListActivity"
53-->src\main\AndroidManifest.xml:38:13-61
54            android:exported="false" />
54-->src\main\AndroidManifest.xml:39:13-37
55        <activity
55-->src\main\AndroidManifest.xml:40:9-42:40
56            android:name="com.pfe.gestionetudiantmobile.ui.home.ChefFeatureListActivity"
56-->src\main\AndroidManifest.xml:41:13-60
57            android:exported="false" />
57-->src\main\AndroidManifest.xml:42:13-37
58        <activity
58-->src\main\AndroidManifest.xml:43:9-45:40
59            android:name="com.pfe.gestionetudiantmobile.ui.home.TeacherHomeActivity"
59-->src\main\AndroidManifest.xml:44:13-56
60            android:exported="false" />
60-->src\main\AndroidManifest.xml:45:13-37
61        <activity
61-->src\main\AndroidManifest.xml:46:9-48:40
62            android:name="com.pfe.gestionetudiantmobile.ui.home.AdminHomeActivity"
62-->src\main\AndroidManifest.xml:47:13-54
63            android:exported="false" />
63-->src\main\AndroidManifest.xml:48:13-37
64        <activity
64-->src\main\AndroidManifest.xml:49:9-51:40
65            android:name="com.pfe.gestionetudiantmobile.ui.home.ChefHomeActivity"
65-->src\main\AndroidManifest.xml:50:13-53
66            android:exported="false" />
66-->src\main\AndroidManifest.xml:51:13-37
67        <activity
67-->src\main\AndroidManifest.xml:53:9-60:20
68            android:name="com.pfe.gestionetudiantmobile.ui.auth.LoginActivity"
68-->src\main\AndroidManifest.xml:54:13-50
69            android:exported="true" >
69-->src\main\AndroidManifest.xml:55:13-36
70            <intent-filter>
70-->src\main\AndroidManifest.xml:56:13-59:29
71                <action android:name="android.intent.action.MAIN" />
71-->src\main\AndroidManifest.xml:57:17-69
71-->src\main\AndroidManifest.xml:57:25-66
72
73                <category android:name="android.intent.category.LAUNCHER" />
73-->src\main\AndroidManifest.xml:58:17-77
73-->src\main\AndroidManifest.xml:58:27-74
74            </intent-filter>
75        </activity>
76
77        <provider
77-->[androidx.emoji2:emoji2:1.2.0] AndroidManifest.xml:24:9-32:20
78            android:name="androidx.startup.InitializationProvider"
78-->[androidx.emoji2:emoji2:1.2.0] AndroidManifest.xml:25:13-67
79            android:authorities="com.pfe.gestionetudiantmobile.androidx-startup"
79-->[androidx.emoji2:emoji2:1.2.0] AndroidManifest.xml:26:13-68
80            android:exported="false" >
80-->[androidx.emoji2:emoji2:1.2.0] AndroidManifest.xml:27:13-37
81            <meta-data
81-->[androidx.emoji2:emoji2:1.2.0] AndroidManifest.xml:29:13-31:52
82                android:name="androidx.emoji2.text.EmojiCompatInitializer"
82-->[androidx.emoji2:emoji2:1.2.0] AndroidManifest.xml:30:17-75
83                android:value="androidx.startup" />
83-->[androidx.emoji2:emoji2:1.2.0] AndroidManifest.xml:31:17-49
84            <meta-data
84-->[androidx.lifecycle:lifecycle-process:2.8.5] AndroidManifest.xml:29:13-31:52
85                android:name="androidx.lifecycle.ProcessLifecycleInitializer"
85-->[androidx.lifecycle:lifecycle-process:2.8.5] AndroidManifest.xml:30:17-78
86                android:value="androidx.startup" />
86-->[androidx.lifecycle:lifecycle-process:2.8.5] AndroidManifest.xml:31:17-49
87            <meta-data
87-->[androidx.profileinstaller:profileinstaller:1.3.1] AndroidManifest.xml:29:13-31:52
88                android:name="androidx.profileinstaller.ProfileInstallerInitializer"
88-->[androidx.profileinstaller:profileinstaller:1.3.1] AndroidManifest.xml:30:17-85
89                android:value="androidx.startup" />
89-->[androidx.profileinstaller:profileinstaller:1.3.1] AndroidManifest.xml:31:17-49
90        </provider>
91
92        <receiver
92-->[androidx.profileinstaller:profileinstaller:1.3.1] AndroidManifest.xml:34:9-52:20
93            android:name="androidx.profileinstaller.ProfileInstallReceiver"
93-->[androidx.profileinstaller:profileinstaller:1.3.1] AndroidManifest.xml:35:13-76
94            android:directBootAware="false"
94-->[androidx.profileinstaller:profileinstaller:1.3.1] AndroidManifest.xml:36:13-44
95            android:enabled="true"
95-->[androidx.profileinstaller:profileinstaller:1.3.1] AndroidManifest.xml:37:13-35
96            android:exported="true"
96-->[androidx.profileinstaller:profileinstaller:1.3.1] AndroidManifest.xml:38:13-36
97            android:permission="android.permission.DUMP" >
97-->[androidx.profileinstaller:profileinstaller:1.3.1] AndroidManifest.xml:39:13-57
98            <intent-filter>
98-->[androidx.profileinstaller:profileinstaller:1.3.1] AndroidManifest.xml:40:13-42:29
99                <action android:name="androidx.profileinstaller.action.INSTALL_PROFILE" />
99-->[androidx.profileinstaller:profileinstaller:1.3.1] AndroidManifest.xml:41:17-91
99-->[androidx.profileinstaller:profileinstaller:1.3.1] AndroidManifest.xml:41:25-88
100            </intent-filter>
101            <intent-filter>
101-->[androidx.profileinstaller:profileinstaller:1.3.1] AndroidManifest.xml:43:13-45:29
102                <action android:name="androidx.profileinstaller.action.SKIP_FILE" />
102-->[androidx.profileinstaller:profileinstaller:1.3.1] AndroidManifest.xml:44:17-85
102-->[androidx.profileinstaller:profileinstaller:1.3.1] AndroidManifest.xml:44:25-82
103            </intent-filter>
104            <intent-filter>
104-->[androidx.profileinstaller:profileinstaller:1.3.1] AndroidManifest.xml:46:13-48:29
105                <action android:name="androidx.profileinstaller.action.SAVE_PROFILE" />
105-->[androidx.profileinstaller:profileinstaller:1.3.1] AndroidManifest.xml:47:17-88
105-->[androidx.profileinstaller:profileinstaller:1.3.1] AndroidManifest.xml:47:25-85
106            </intent-filter>
107            <intent-filter>
107-->[androidx.profileinstaller:profileinstaller:1.3.1] AndroidManifest.xml:49:13-51:29
108                <action android:name="androidx.profileinstaller.action.BENCHMARK_OPERATION" />
108-->[androidx.profileinstaller:profileinstaller:1.3.1] AndroidManifest.xml:50:17-95
108-->[androidx.profileinstaller:profileinstaller:1.3.1] AndroidManifest.xml:50:25-92
109            </intent-filter>
110        </receiver>
111    </application>
112
113</manifest>